<?xml version="1.0" encoding="UTF-8"?>
<testsuite name="hexlet.code.AppTest" tests="9" skipped="0" failures="0" errors="0" timestamp="2026-06-04T13:13:37.763Z" hostname="DESKTOP-S63R1VP" time="4.05">
  <properties/>
  <testcase name="testUrlsPage()" classname="hexlet.code.AppTest" time="2.124"/>
  <testcase name="testUrlCheckModel()" classname="hexlet.code.AppTest" time="0.009"/>
  <testcase name="testMainPage()" classname="hexlet.code.AppTest" time="0.259"/>
  <testcase name="testGetLastCheckMethods()" classname="hexlet.code.AppTest" time="0.017"/>
  <testcase name="testCreateUrl()" classname="hexlet.code.AppTest" time="0.604"/>
  <testcase name="testCheckPageError()" classname="hexlet.code.AppTest" time="0.447"/>
  <testcase name="testShowUrl()" classname="hexlet.code.AppTest" time="0.196"/>
  <testcase name="testInvalidUrl()" classname="hexlet.code.AppTest" time="0.181"/>
  <testcase name="testDuplicateUrl()" classname="hexlet.code.AppTest" time="0.203"/>
  <system-out><![CDATA[]]></system-out>
  <system-err><![CDATA[SLF4J(W): Class path contains multiple SLF4J providers.
SLF4J(W): Found provider [org.slf4j.simple.SimpleServiceProvider@2bfbffb2]
SLF4J(W): Found provider [ch.qos.logback.classic.spi.LogbackServiceProvider@765df79d]
SLF4J(W): See https://www.slf4j.org/codes.html#multiple_bindings for an explanation.
SLF4J(I): Actual provider is of type [org.slf4j.simple.SimpleServiceProvider@2bfbffb2]
[Test worker] INFO com.zaxxer.hikari.HikariDataSource - HikariPool-1 - Starting...
[Test worker] INFO com.zaxxer.hikari.pool.HikariPool - HikariPool-1 - Added connection conn0: url=jdbc:h2:mem:project user=
[Test worker] INFO com.zaxxer.hikari.HikariDataSource - HikariPool-1 - Start completed.
[Test worker] INFO io.javalin.Javalin - JAVALIN HANDLER REGISTRATION DEBUG LOG: BEFORE[*]
[Test worker] INFO io.javalin.Javalin - JAVALIN HANDLER REGISTRATION DEBUG LOG: GET[/]
[Test worker] INFO io.javalin.Javalin - JAVALIN HANDLER REGISTRATION DEBUG LOG: POST[/urls]
[Test worker] INFO io.javalin.Javalin - JAVALIN HANDLER REGISTRATION DEBUG LOG: GET[/urls]
[Test worker] INFO io.javalin.Javalin - JAVALIN HANDLER REGISTRATION DEBUG LOG: GET[/urls/{id}]
[Test worker] INFO io.javalin.Javalin - JAVALIN HANDLER REGISTRATION DEBUG LOG: POST[/urls/{id}/checks]
[Test worker] INFO com.zaxxer.hikari.HikariDataSource - HikariPool-2 - Starting...
[Test worker] INFO com.zaxxer.hikari.pool.HikariPool - HikariPool-2 - Added connection conn10: url=jdbc:h2:mem:project user=
[Test worker] INFO com.zaxxer.hikari.HikariDataSource - HikariPool-2 - Start completed.
[Test worker] INFO io.javalin.Javalin - JAVALIN HANDLER REGISTRATION DEBUG LOG: BEFORE[*]
[Test worker] INFO io.javalin.Javalin - JAVALIN HANDLER REGISTRATION DEBUG LOG: GET[/]
[Test worker] INFO io.javalin.Javalin - JAVALIN HANDLER REGISTRATION DEBUG LOG: POST[/urls]
[Test worker] INFO io.javalin.Javalin - JAVALIN HANDLER REGISTRATION DEBUG LOG: GET[/urls]
[Test worker] INFO io.javalin.Javalin - JAVALIN HANDLER REGISTRATION DEBUG LOG: GET[/urls/{id}]
[Test worker] INFO io.javalin.Javalin - JAVALIN HANDLER REGISTRATION DEBUG LOG: POST[/urls/{id}/checks]
[Test worker] INFO com.zaxxer.hikari.HikariDataSource - HikariPool-3 - Starting...
[Test worker] INFO com.zaxxer.hikari.pool.HikariPool - HikariPool-3 - Added connection conn11: url=jdbc:h2:mem:project user=
[Test worker] INFO com.zaxxer.hikari.HikariDataSource - HikariPool-3 - Start completed.
[Test worker] INFO io.javalin.Javalin - JAVALIN HANDLER REGISTRATION DEBUG LOG: BEFORE[*]
[Test worker] INFO io.javalin.Javalin - JAVALIN HANDLER REGISTRATION DEBUG LOG: GET[/]
[Test worker] INFO io.javalin.Javalin - JAVALIN HANDLER REGISTRATION DEBUG LOG: POST[/urls]
[Test worker] INFO io.javalin.Javalin - JAVALIN HANDLER REGISTRATION DEBUG LOG: GET[/urls]
[Test worker] INFO io.javalin.Javalin - JAVALIN HANDLER REGISTRATION DEBUG LOG: GET[/urls/{id}]
[Test worker] INFO io.javalin.Javalin - JAVALIN HANDLER REGISTRATION DEBUG LOG: POST[/urls/{id}/checks]
[Test worker] INFO com.zaxxer.hikari.HikariDataSource - HikariPool-4 - Starting...
[Test worker] INFO com.zaxxer.hikari.pool.HikariPool - HikariPool-4 - Added connection conn24: url=jdbc:h2:mem:project user=
[Test worker] INFO com.zaxxer.hikari.HikariDataSource - HikariPool-4 - Start completed.
[Test worker] INFO io.javalin.Javalin - JAVALIN HANDLER REGISTRATION DEBUG LOG: BEFORE[*]
[Test worker] INFO io.javalin.Javalin - JAVALIN HANDLER REGISTRATION DEBUG LOG: GET[/]
[Test worker] INFO io.javalin.Javalin - JAVALIN HANDLER REGISTRATION DEBUG LOG: POST[/urls]
[Test worker] INFO io.javalin.Javalin - JAVALIN HANDLER REGISTRATION DEBUG LOG: GET[/urls]
[Test worker] INFO io.javalin.Javalin - JAVALIN HANDLER REGISTRATION DEBUG LOG: GET[/urls/{id}]
[Test worker] INFO io.javalin.Javalin - JAVALIN HANDLER REGISTRATION DEBUG LOG: POST[/urls/{id}/checks]
[Test worker] INFO com.zaxxer.hikari.HikariDataSource - HikariPool-5 - Starting...
[Test worker] INFO com.zaxxer.hikari.pool.HikariPool - HikariPool-5 - Added connection conn25: url=jdbc:h2:mem:project user=
[Test worker] INFO com.zaxxer.hikari.HikariDataSource - HikariPool-5 - Start completed.
[Test worker] INFO io.javalin.Javalin - JAVALIN HANDLER REGISTRATION DEBUG LOG: BEFORE[*]
[Test worker] INFO io.javalin.Javalin - JAVALIN HANDLER REGISTRATION DEBUG LOG: GET[/]
[Test worker] INFO io.javalin.Javalin - JAVALIN HANDLER REGISTRATION DEBUG LOG: POST[/urls]
[Test worker] INFO io.javalin.Javalin - JAVALIN HANDLER REGISTRATION DEBUG LOG: GET[/urls]
[Test worker] INFO io.javalin.Javalin - JAVALIN HANDLER REGISTRATION DEBUG LOG: GET[/urls/{id}]
[Test worker] INFO io.javalin.Javalin - JAVALIN HANDLER REGISTRATION DEBUG LOG: POST[/urls/{id}/checks]
[Test worker] INFO com.zaxxer.hikari.HikariDataSource - HikariPool-6 - Starting...
[Test worker] INFO com.zaxxer.hikari.pool.HikariPool - HikariPool-6 - Added connection conn50: url=jdbc:h2:mem:project user=
[Test worker] INFO com.zaxxer.hikari.HikariDataSource - HikariPool-6 - Start completed.
[Test worker] INFO io.javalin.Javalin - JAVALIN HANDLER REGISTRATION DEBUG LOG: BEFORE[*]
[Test worker] INFO io.javalin.Javalin - JAVALIN HANDLER REGISTRATION DEBUG LOG: GET[/]
[Test worker] INFO io.javalin.Javalin - JAVALIN HANDLER REGISTRATION DEBUG LOG: POST[/urls]
[Test worker] INFO io.javalin.Javalin - JAVALIN HANDLER REGISTRATION DEBUG LOG: GET[/urls]
[Test worker] INFO io.javalin.Javalin - JAVALIN HANDLER REGISTRATION DEBUG LOG: GET[/urls/{id}]
[Test worker] INFO io.javalin.Javalin - JAVALIN HANDLER REGISTRATION DEBUG LOG: POST[/urls/{id}/checks]
[Test worker] INFO com.zaxxer.hikari.HikariDataSource - HikariPool-7 - Starting...
[Test worker] INFO com.zaxxer.hikari.pool.HikariPool - HikariPool-7 - Added connection conn60: url=jdbc:h2:mem:project user=
[Test worker] INFO com.zaxxer.hikari.HikariDataSource - HikariPool-7 - Start completed.
[Test worker] INFO io.javalin.Javalin - JAVALIN HANDLER REGISTRATION DEBUG LOG: BEFORE[*]
[Test worker] INFO io.javalin.Javalin - JAVALIN HANDLER REGISTRATION DEBUG LOG: GET[/]
[Test worker] INFO io.javalin.Javalin - JAVALIN HANDLER REGISTRATION DEBUG LOG: POST[/urls]
[Test worker] INFO io.javalin.Javalin - JAVALIN HANDLER REGISTRATION DEBUG LOG: GET[/urls]
[Test worker] INFO io.javalin.Javalin - JAVALIN HANDLER REGISTRATION DEBUG LOG: GET[/urls/{id}]
[Test worker] INFO io.javalin.Javalin - JAVALIN HANDLER REGISTRATION DEBUG LOG: POST[/urls/{id}/checks]
[Test worker] INFO com.zaxxer.hikari.HikariDataSource - HikariPool-8 - Starting...
[Test worker] INFO com.zaxxer.hikari.pool.HikariPool - HikariPool-8 - Added connection conn64: url=jdbc:h2:mem:project user=
[Test worker] INFO com.zaxxer.hikari.HikariDataSource - HikariPool-8 - Start completed.
[Test worker] INFO io.javalin.Javalin - JAVALIN HANDLER REGISTRATION DEBUG LOG: BEFORE[*]
[Test worker] INFO io.javalin.Javalin - JAVALIN HANDLER REGISTRATION DEBUG LOG: GET[/]
[Test worker] INFO io.javalin.Javalin - JAVALIN HANDLER REGISTRATION DEBUG LOG: POST[/urls]
[Test worker] INFO io.javalin.Javalin - JAVALIN HANDLER REGISTRATION DEBUG LOG: GET[/urls]
[Test worker] INFO io.javalin.Javalin - JAVALIN HANDLER REGISTRATION DEBUG LOG: GET[/urls/{id}]
[Test worker] INFO io.javalin.Javalin - JAVALIN HANDLER REGISTRATION DEBUG LOG: POST[/urls/{id}/checks]
[Test worker] INFO com.zaxxer.hikari.HikariDataSource - HikariPool-9 - Starting...
[Test worker] INFO com.zaxxer.hikari.pool.HikariPool - HikariPool-9 - Added connection conn74: url=jdbc:h2:mem:project user=
[Test worker] INFO com.zaxxer.hikari.HikariDataSource - HikariPool-9 - Start completed.
[Test worker] INFO io.javalin.Javalin - JAVALIN HANDLER REGISTRATION DEBUG LOG: BEFORE[*]
[Test worker] INFO io.javalin.Javalin - JAVALIN HANDLER REGISTRATION DEBUG LOG: GET[/]
[Test worker] INFO io.javalin.Javalin - JAVALIN HANDLER REGISTRATION DEBUG LOG: POST[/urls]
[Test worker] INFO io.javalin.Javalin - JAVALIN HANDLER REGISTRATION DEBUG LOG: GET[/urls]
[Test worker] INFO io.javalin.Javalin - JAVALIN HANDLER REGISTRATION DEBUG LOG: GET[/urls/{id}]
[Test worker] INFO io.javalin.Javalin - JAVALIN HANDLER REGISTRATION DEBUG LOG: POST[/urls/{id}/checks]
]]></system-err>
</testsuite>
